<?xml version="1.0" encoding="UTF-8"?>
<testsuite name="eecs1022.lab3.ExampleUnitTest" tests="1" skipped="0" failures="0" errors="0" timestamp="2018-02-13T12:40:46" hostname="Tuans-MacBook-Pro.local" time="0.007">
  <properties/>
  <testcase name="addition_isCorrect" classname="eecs1022.lab3.ExampleUnitTest" time="0.007"/>
  <system-out><![CDATA[]]></system-out>
  <system-err><![CDATA[]]></system-err>
</testsuite>
